1612992340381	geckodriver	INFO	Listening on 127.0.0.1:51184
1612992343560	mozrunner::runner	INFO	Running command: "C:\\Program Files\\Firefox Developer Edition\\firefox.exe" "--marionette" "-foreground" "-no-remote" "-profile" "C:\\Users\\mumtaz\\AppData\\Local\\Temp\\rust_mozprofileM5Afvb"
[Parent 19032, Gecko_IOThread] WARNING: file /builds/worker/checkouts/gecko/ipc/chromium/src/base/process_util_win.cc, line 166
[Parent 19032, Gecko_IOThread] WARNING: file /builds/worker/checkouts/gecko/ipc/chromium/src/base/process_util_win.cc, line 166
console.error: SearchCache: "_readCacheFile: Error reading cache file:" (new Error("", "(unknown module)"))
1612992444952	Marionette	INFO	Listening on port 51192
console.error: (new Error("SessionFile is closed", "resource:///modules/sessionstore/SessionFile.jsm", 433))
1612997583666	Marionette	INFO	Stopped listening on port 51192
 "--marionette" "-foreground" "-no-remote" "-profile" "C:\\Users\\mumtaz\\AppData\\Local\\Temp\\rust_mozprofiley0VjSh"
1612992519837	geckodriver	INFO	Listening on 127.0.0.1:51387
1612992523928	mozrunner::runner	INFO	Running command: "C:\\Program Files\\Firefox Developer Edition\\firefox.exe" "--marionette" "-foreground" "-no-remote" "-profile" "C:\\Users\\mumtaz\\AppData\\Local\\Temp\\rust_mozprofile9SxBHG"
console.warn: SearchSettings: "get: No settings file exists, new profile?" (new Error("", "(unknown module)"))
console.error: Region.jsm: "Error fetching region" (new Error("TIMEOUT", "resource://gre/modules/Region.jsm", 775))
console.error: Region.jsm: "Failed to fetch region" (new Error("TIMEOUT", "resource://gre/modules/Region.jsm", 422))
1612992565615	Marionette	INFO	Listening on port 51399
1612992566730	Marionette	WARN	TLS certificate errors will be ignored for this session
1612992566749	Marionette	ERROR	[21] No reply from Marionette:Register
1612992574638	Marionette	INFO	Stopped listening on port 51399
JavaScript error: resource://gre/modules/UrlClassifierListManager.jsm, line 691: TypeError: can't access property "provider", this.tablesData[table] is undefined
[Parent 1964, IPC I/O Parent] WARNING: file /builds/worker/checkouts/gecko/ipc/chromium/src/base/process_util_win.cc:167

###!!! [Child][RunMessage] Error: Channel closing: too late to send/recv, messages will be lost

1612992777773	geckodriver	INFO	Listening on 127.0.0.1:53614
1612992781921	mozrunner::runner	INFO	Running command: "C:\\Program Files\\Mozilla Firefox\\firefox.exe" "--marionette" "-foreground" "-no-remote" "-profile" "C:\\Users\\mumtaz\\AppData\\Local\\Temp\\rust_mozprofilecksCgl"
Can't find symbol 'eglSwapBuffersWithDamageEXT'.
JavaScript error: resource://gre/modules/XULStore.jsm, line 66: Error: Can't find profile directory.
console.error: SearchCache: "_readCacheFile: Error reading cache file:" (new Error("", "(unknown module)"))
console.error: "Could not write session state file " (new Error("_initWorker called too early! Please read the session file from disk first.", "resource:///modules/sessionstore/SessionFile.jsm", 375)) "_initWorker/<@resource:///modules/sessionstore/SessionFile.jsm:375:15\n_initWorker@resource:///modules/sessionstore/SessionFile.jsm:368:12\n_postToWorker@resource:///modules/sessionstore/SessionFile.jsm:410:16\nwrite@resource:///modules/sessionstore/SessionFile.jsm:448:24\nwrite@resource:///modules/sessionstore/SessionFile.jsm:75:32\n_writeState@resource:///modules/sessionstore/SessionSaver.jsm:360:24\n_saveState@resource:///modules/sessionstore/SessionSaver.jsm:294:17\n_saveStateAsync@resource:///modules/sessionstore/SessionSaver.jsm:344:10\nsaveStateAsyncWhenIdle@resource:///modules/sessionstore/SessionSaver.jsm:191:14\ncallback@resource://gre/modules/Timer.jsm:127:16\n"
1612992825296	Marionette	INFO	Listening on port 53622
1612992827682	Marionette	WARN	TLS certificate errors will be ignored for this session
1612992853314	Marionette	INFO	Stopped listening on port 53622

###!!! [Child][MessageChannel] Error: (msgtype=0x6A0029,name=PNecko::Msg_RemoveRequestContext) Channel closing: too late to send/recv, messages will be lost


###!!! [Child][RunMessage] Error: Channel closing: too late to send/recv, messages will be lost


###!!! [Child][MessageChannel::SendAndWait] Error: Channel error: cannot send/recv

1612992897554	geckodriver	INFO	Listening on 127.0.0.1:53710
1612992900496	mozrunner::runner	INFO	Running command: "C:\\Program Files\\Mozilla Firefox\\firefox.exe" "--marionette" "-foreground" "-no-remote" "-profile" "C:\\Users\\mumtaz\\AppData\\Local\\Temp\\rust_mozprofilerqltbP"
1612993012424	geckodriver	INFO	Listening on 127.0.0.1:53832
1612993016829	mozrunner::runner	INFO	Running command: "C:\\Program Files\\Mozilla Firefox\\firefox.exe" "--marionette" "-foreground" "-no-remote" "-profile" "C:\\Users\\mumtaz\\AppData\\Local\\Temp\\rust_mozprofilelJhoBs"
console.warn: SearchSettings: "get: No settings file exists, new profile?" (new Error("", "(unknown module)"))
console.error: Region.jsm: "Error fetching region" (new AbortError("The operation was aborted. ", (void 0), 773))
console.error: Region.jsm: "Failed to fetch region" (new Error("NO_RESULT", "resource://gre/modules/Region.jsm", 422))
1612993064980	Marionette	INFO	Listening on port 53840
1612993065956	Marionette	WARN	TLS certificate errors will be ignored for this session
1612993066537	Marionette	ERROR	[15] No reply from Marionette:Register
1612993098568	Marionette	INFO	Stopped listening on port 53840
[Parent 4408, IPC I/O Parent] WARNING: file /builds/worker/checkouts/gecko/ipc/chromium/src/base/process_util_win.cc:167

###!!! [Child][MessageChannel] Error: (msgtype=0x5B000E,name=PHttpChannel::Msg___delete__) Channel closing: too late to send/recv, messages will be lost


###!!! [Child][MessageChannel] Error: (msgtype=0x6B0027,name=PNecko::Msg_RemoveRequestContext) Closed channel: cannot send/recv


###!!! [Child][RunMessage] Error: Channel closing: too late to send/recv, messages will be lost


###!!! [Child][MessageChannel] Error: (msgtype=0x5F0005,name=PImageBridge::Msg_WillClose) Channel error: cannot send/recv

1613006005116	geckodriver	INFO	Listening on 127.0.0.1:58075
1613006008222	mozrunner::runner	INFO	Running command: "C:\\Program Files\\Mozilla Firefox\\firefox.exe" "--marionette" "-foreground" "-no-remote" "-profile" "C:\\Users\\mumtaz\\AppData\\Local\\Temp\\rust_mozprofileixCl9n"
console.warn: SearchSettings: "get: No settings file exists, new profile?" (new Error("", "(unknown module)"))
console.error: Region.jsm: "Error fetching region" (new Error("TIMEOUT", "resource://gre/modules/Region.jsm", 775))
console.error: Region.jsm: "Failed to fetch region" (new Error("TIMEOUT", "resource://gre/modules/Region.jsm", 422))
1613006111567	Marionette	INFO	Listening on port 58092

###!!! [Child][MessageChannel] Error: (msgtype=0x3A0158,name=PContent::Msg_InsertNewFocusActionId) Closed channel: cannot send/recv

 "-no-remote" "-profile" "C:\\Users\\mumtaz\\AppData\\Local\\Temp\\rust_mozprofilemGZ1KQ"
[Parent 13556, IPC I/O Parent] WARNING: file /builds/worker/checkouts/gecko/ipc/chromium/src/base/process_util_win.cc:167
console.warn: SearchSettings: "get: No settings file exists, new profile?" (new Error("", "(unknown module)"))
1613006157970	Marionette	INFO	Listening on port 62120
console.warn: SearchSettings: "get: No settings file exists, new profile?" (new Error("", "(unknown module)"))
1613006158871	Marionette	WARN	TLS certificate errors will be ignored for this session
1613006159154	Marionette	ERROR	[15] No reply from Marionette:Register
1613006189478	Marionette	INFO	Stopped listening on port 62120

###!!! [Child][RunMessage] Error: Channel closing: too late to send/recv, messages will be lost

1613028933913	geckodriver	INFO	Listening on 127.0.0.1:64382
1613028936932	mozrunner::runner	INFO	Running command: "C:\\Program Files\\Mozilla Firefox\\firefox.exe" "--marionette" "-foreground" "-no-remote" "-profile" "C:\\Users\\mumtaz\\AppData\\Local\\Temp\\rust_mozprofilevO6UL5"
console.warn: SearchSettings: "get: No settings file exists, new profile?" (new Error("", "(unknown module)"))
1613028948832	Marionette	INFO	Listening on port 64391
1613028949768	Marionette	WARN	TLS certificate errors will be ignored for this session
1613028949907	Marionette	ERROR	[18] No reply from Marionette:Register
console.warn: SearchSettings: "get: No settings file exists, new profile?" (new Error("", "(unknown module)"))
1613028966409	Marionette	WARN	TimedPromise timed out after 500 ms: stacktrace:
TimedPromise/<@chrome://marionette/content/sync.js:235:19
TimedPromise@chrome://marionette/content/sync.js:220:10
interaction.flushEventLoop@chrome://marionette/content/interaction.js:418:10
webdriverClickElement@chrome://marionette/content/interaction.js:179:31
1613028971049	Marionette	INFO	Stopped listening on port 64391

###!!! [Child][RunMessage] Error: Channel closing: too late to send/recv, messages will be lost

1613068629158	geckodriver	INFO	Listening on 127.0.0.1:57985
1613068632249	mozrunner::runner	INFO	Running command: "C:\\Program Files\\Mozilla Firefox\\firefox.exe" "--marionette" "-foreground" "-no-remote" "-profile" "C:\\Users\\mumtaz\\AppData\\Local\\Temp\\rust_mozprofiler7zLTF"
[Parent 7480, IPC I/O Parent] WARNING: file /builds/worker/checkouts/gecko/ipc/chromium/src/base/process_util_win.cc:167
console.warn: SearchSettings: "get: No settings file exists, new profile?" (new Error("", "(unknown module)"))
console.error: Region.jsm: "Error fetching region" (new Error("TIMEOUT", "resource://gre/modules/Region.jsm", 775))
console.error: Region.jsm: "Failed to fetch region" (new Error("TIMEOUT", "resource://gre/modules/Region.jsm", 422))
1613068689788	Marionette	INFO	Listening on port 57995
1613068690637	Marionette	WARN	TLS certificate errors will be ignored for this session
1613068690800	Marionette	ERROR	[15] No reply from Marionette:Register
1613068705278	Marionette	WARN	TimedPromise timed out after 500 ms: stacktrace:
TimedPromise/<@chrome://marionette/content/sync.js:235:19
TimedPromise@chrome://marionette/content/sync.js:220:10
interaction.flushEventLoop@chrome://marionette/content/interaction.js:418:10
webdriverClickElement@chrome://marionette/content/interaction.js:179:31
1613068708695	Marionette	INFO	Stopped listening on port 57995

###!!! [Child][RunMessage] Error: Channel closing: too late to send/recv, messages will be lost

1613068745313	geckodriver	INFO	Listening on 127.0.0.1:58138
1613068748296	mozrunner::runner	INFO	Running command: "C:\\Program Files\\Mozilla Firefox\\firefox.exe" "--marionette" "-foreground" "-no-remote" "-profile" "C:\\Users\\mumtaz\\AppData\\Local\\Temp\\rust_mozprofilenYolOx"
console.warn: SearchSettings: "get: No settings file exists, new profile?" (new Error("", "(unknown module)"))
1613068754304	Marionette	INFO	Listening on port 58148
1613068754619	Marionette	WARN	TLS certificate errors will be ignored for this session
1613068754653	Marionette	ERROR	[15] No reply from Marionette:Register
console.warn: SearchSettings: "get: No settings file exists, new profile?" (new Error("", "(unknown module)"))
1613068792677	Marionette	INFO	Stopped listening on port 58148

###!!! [Child][RunMessage] Error: Channel closing: too late to send/recv, messages will be lost

1613069182332	geckodriver	INFO	Listening on 127.0.0.1:58424
1613069185339	mozrunner::runner	INFO	Running command: "C:\\Program Files\\Mozilla Firefox\\firefox.exe" "--marionette" "-foreground" "-no-remote" "-profile" "C:\\Users\\mumtaz\\AppData\\Local\\Temp\\rust_mozprofileUMl5Br"
console.warn: SearchSettings: "get: No settings file exists, new profile?" (new Error("", "(unknown module)"))
1613069192543	Marionette	INFO	Listening on port 58433
1613069192799	Marionette	WARN	TLS certificate errors will be ignored for this session
1613069192818	Marionette	ERROR	[15] No reply from Marionette:Register
console.warn: SearchSettings: "get: No settings file exists, new profile?" (new Error("", "(unknown module)"))
JavaScript error: resource://activity-stream/lib/ASRouter.jsm, line 987: NS_ERROR_ILLEGAL_VALUE: Component returned failure code: 0x80070057 (NS_ERROR_ILLEGAL_VALUE) [nsIObserverService.removeObserver]
[Parent 3832, IPC I/O Parent] WARNING: file /builds/worker/checkouts/gecko/ipc/chromium/src/base/process_util_win.cc:167
1613069219405	Marionette	INFO	Stopped listening on port 58433

###!!! [Child][RunMessage] Error: Channel closing: too late to send/recv, messages will be lost

1613069417250	geckodriver	INFO	Listening on 127.0.0.1:58603
1613069420281	mozrunner::runner	INFO	Running command: "C:\\Program Files\\Mozilla Firefox\\firefox.exe" "--marionette" "-foreground" "-no-remote" "-profile" "C:\\Users\\mumtaz\\AppData\\Local\\Temp\\rust_mozprofile8Sg8w3"
console.warn: SearchSettings: "get: No settings file exists, new profile?" (new Error("", "(unknown module)"))
1613069425829	Marionette	INFO	Listening on port 58613
1613069426126	Marionette	WARN	TLS certificate errors will be ignored for this session
1613069426171	Marionette	ERROR	[18] No reply from Marionette:Register
console.warn: SearchSettings: "get: No settings file exists, new profile?" (new Error("", "(unknown module)"))
JavaScript error: resource://activity-stream/lib/ASRouter.jsm, line 987: NS_ERROR_ILLEGAL_VALUE: Component returned failure code: 0x80070057 (NS_ERROR_ILLEGAL_VALUE) [nsIObserverService.removeObserver]
1613069444163	Marionette	INFO	Stopped listening on port 58613

###!!! [Child][RunMessage] Error: Channel closing: too late to send/recv, messages will be lost

1613075656475	geckodriver	INFO	Listening on 127.0.0.1:62200
1613075659809	mozrunner::runner	INFO	Running command: "C:\\Program Files\\Mozilla Firefox\\firefox.exe" "--marionette" "-foreground" "-no-remote" "-profile" "C:\\Users\\mumtaz\\AppData\\Local\\Temp\\rust_mozprofileQWJNgG"
console.warn: SearchSettings: "get: No settings file exists, new profile?" (new Error("", "(unknown module)"))
1613075699554	Marionette	INFO	Listening on port 62210
console.warn: SearchSettings: "get: No settings file exists, new profile?" (new Error("", "(unknown module)"))
1613075700561	Marionette	WARN	TLS certificate errors will be ignored for this session
1613075700588	Marionette	ERROR	[15] No reply from Marionette:Register
1613075715992	Marionette	INFO	Stopped listening on port 62210
[Parent 3772, IPC I/O Parent] WARNING: file /builds/worker/checkouts/gecko/ipc/chromium/src/base/process_util_win.cc:167

###!!! [Child][RunMessage] Error: Channel closing: too late to send/recv, messages will be lost

1613075832039	geckodriver	INFO	Listening on 127.0.0.1:62485
1613075835094	mozrunner::runner	INFO	Running command: "C:\\Program Files\\Mozilla Firefox\\firefox.exe" "--marionette" "-foreground" "-no-remote" "-profile" "C:\\Users\\mumtaz\\AppData\\Local\\Temp\\rust_mozprofileK4Pab4"
console.warn: SearchSettings: "get: No settings file exists, new profile?" (new Error("", "(unknown module)"))
1613075840518	Marionette	INFO	Listening on port 62495
1613075841176	Marionette	WARN	TLS certificate errors will be ignored for this session
1613075841192	Marionette	ERROR	[15] No reply from Marionette:Register
console.warn: SearchSettings: "get: No settings file exists, new profile?" (new Error("", "(unknown module)"))
1613075854009	Marionette	INFO	Stopped listening on port 62495
JavaScript error: resource://activity-stream/lib/ASRouter.jsm, line 987: NS_ERROR_ILLEGAL_VALUE: Component returned failure code: 0x80070057 (NS_ERROR_ILLEGAL_VALUE) [nsIObserverService.removeObserver]

###!!! [Child][RunMessage] Error: Channel closing: too late to send/recv, messages will be lost

1613076051157	geckodriver	INFO	Listening on 127.0.0.1:62717
1613076054184	mozrunner::runner	INFO	Running command: "C:\\Program Files\\Mozilla Firefox\\firefox.exe" "--marionette" "-foreground" "-no-remote" "-profile" "C:\\Users\\mumtaz\\AppData\\Local\\Temp\\rust_mozprofileJJtn5u"
console.warn: SearchSettings: "get: No settings file exists, new profile?" (new Error("", "(unknown module)"))
1613076059303	Marionette	INFO	Listening on port 62727
1613076059542	Marionette	WARN	TLS certificate errors will be ignored for this session
1613076059571	Marionette	ERROR	[18] No reply from Marionette:Register
console.warn: SearchSettings: "get: No settings file exists, new profile?" (new Error("", "(unknown module)"))
1613076073049	Marionette	INFO	Stopped listening on port 62727
[Parent 10976, IPC I/O Parent] WARNING: file /builds/worker/checkouts/gecko/ipc/chromium/src/base/process_util_win.cc:167

###!!! [Child][RunMessage] Error: Channel closing: too late to send/recv, messages will be lost

1613076420724	geckodriver	INFO	Listening on 127.0.0.1:63053
1613076423795	mozrunner::runner	INFO	Running command: "C:\\Program Files\\Mozilla Firefox\\firefox.exe" "--marionette" "-foreground" "-no-remote" "-profile" "C:\\Users\\mumtaz\\AppData\\Local\\Temp\\rust_mozprofile6nIC3K"
console.warn: SearchSettings: "get: No settings file exists, new profile?" (new Error("", "(unknown module)"))
1613076428915	Marionette	INFO	Listening on port 63063
1613076429344	Marionette	WARN	TLS certificate errors will be ignored for this session
1613076429360	Marionette	ERROR	[18] No reply from Marionette:Register
console.warn: SearchSettings: "get: No settings file exists, new profile?" (new Error("", "(unknown module)"))
JavaScript error: , line 0: NotFoundError: No such JSWindowActor 'MarionetteEvents'
1613076442606	Marionette	INFO	Stopped listening on port 63063

###!!! [Child][RunMessage] Error: Channel closing: too late to send/recv, messages will be lost

1613076574147	geckodriver	INFO	Listening on 127.0.0.1:63218
1613076577185	mozrunner::runner	INFO	Running command: "C:\\Program Files\\Mozilla Firefox\\firefox.exe" "--marionette" "-foreground" "-no-remote" "-profile" "C:\\Users\\mumtaz\\AppData\\Local\\Temp\\rust_mozprofilettYpFs"
console.warn: SearchSettings: "get: No settings file exists, new profile?" (new Error("", "(unknown module)"))
1613076581886	Marionette	INFO	Listening on port 63228
1613076582008	Marionette	WARN	TLS certificate errors will be ignored for this session
1613076582033	Marionette	ERROR	[15] No reply from Marionette:Register
console.warn: SearchSettings: "get: No settings file exists, new profile?" (new Error("", "(unknown module)"))
1613076595303	Marionette	INFO	Stopped listening on port 63228

###!!! [Child][RunMessage] Error: Channel closing: too late to send/recv, messages will be lost

1613076684445	geckodriver	INFO	Listening on 127.0.0.1:55219
1613076687461	mozrunner::runner	INFO	Running command: "C:\\Program Files\\Mozilla Firefox\\firefox.exe" "--marionette" "-foreground" "-no-remote" "-profile" "C:\\Users\\mumtaz\\AppData\\Local\\Temp\\rust_mozprofileusN4Uw"
console.warn: SearchSettings: "get: No settings file exists, new profile?" (new Error("", "(unknown module)"))
1613076695293	Marionette	INFO	Listening on port 55229
1613076695416	Marionette	WARN	TLS certificate errors will be ignored for this session
1613076695430	Marionette	ERROR	[15] No reply from Marionette:Register
console.warn: SearchSettings: "get: No settings file exists, new profile?" (new Error("", "(unknown module)"))
1613076713871	Marionette	INFO	Stopped listening on port 55229
JavaScript error: resource://activity-stream/lib/ASRouter.jsm, line 987: NS_ERROR_ILLEGAL_VALUE: Component returned failure code: 0x80070057 (NS_ERROR_ILLEGAL_VALUE) [nsIObserverService.removeObserver]

###!!! [Child][RunMessage] Error: Channel closing: too late to send/recv, messages will be lost

1613076799794	geckodriver	INFO	Listening on 127.0.0.1:55360
1613076802823	mozrunner::runner	INFO	Running command: "C:\\Program Files\\Mozilla Firefox\\firefox.exe" "--marionette" "-foreground" "-no-remote" "-profile" "C:\\Users\\mumtaz\\AppData\\Local\\Temp\\rust_mozprofileKMJrvS"
console.warn: SearchSettings: "get: No settings file exists, new profile?" (new Error("", "(unknown module)"))
1613076807639	Marionette	INFO	Listening on port 55371
1613076808144	Marionette	WARN	TLS certificate errors will be ignored for this session
1613076808160	Marionette	ERROR	[15] No reply from Marionette:Register
console.warn: SearchSettings: "get: No settings file exists, new profile?" (new Error("", "(unknown module)"))
1613076824028	Marionette	INFO	Stopped listening on port 55371
JavaScript error: resource://activity-stream/lib/ASRouter.jsm, line 987: NS_ERROR_ILLEGAL_VALUE: Component returned failure code: 0x80070057 (NS_ERROR_ILLEGAL_VALUE) [nsIObserverService.removeObserver]

###!!! [Child][RunMessage] Error: Channel closing: too late to send/recv, messages will be lost

1613076905833	geckodriver	INFO	Listening on 127.0.0.1:55498
1613076908930	mozrunner::runner	INFO	Running command: "C:\\Program Files\\Mozilla Firefox\\firefox.exe" "--marionette" "-foreground" "-no-remote" "-profile" "C:\\Users\\mumtaz\\AppData\\Local\\Temp\\rust_mozprofileQjby20"
console.warn: SearchSettings: "get: No settings file exists, new profile?" (new Error("", "(unknown module)"))
1613076913741	Marionette	INFO	Listening on port 55508
1613076914328	Marionette	WARN	TLS certificate errors will be ignored for this session
1613076914340	Marionette	ERROR	[18] No reply from Marionette:Register
console.warn: SearchSettings: "get: No settings file exists, new profile?" (new Error("", "(unknown module)"))
1613076931815	Marionette	INFO	Stopped listening on port 55508
JavaScript error: resource://activity-stream/lib/ASRouter.jsm, line 987: NS_ERROR_ILLEGAL_VALUE: Component returned failure code: 0x80070057 (NS_ERROR_ILLEGAL_VALUE) [nsIObserverService.removeObserver]
JavaScript error: https://staging-cdn.scrive.com/compiled/signview/signview-323032312d30322d31302d31362d30322d32362e313937342e39383631636330643533646239363761376265386431623833373530313730376239333139633534.js, line 7: TypeError: o is null

###!!! [Child][RunMessage] Error: Channel closing: too late to send/recv, messages will be lost

1613076998625	geckodriver	INFO	Listening on 127.0.0.1:55632
1613077001700	mozrunner::runner	INFO	Running command: "C:\\Program Files\\Mozilla Firefox\\firefox.exe" "--marionette" "-foreground" "-no-remote" "-profile" "C:\\Users\\mumtaz\\AppData\\Local\\Temp\\rust_mozprofilexwVvWg"
console.warn: SearchSettings: "get: No settings file exists, new profile?" (new Error("", "(unknown module)"))
1613077006602	Marionette	INFO	Listening on port 55641
1613077007035	Marionette	WARN	TLS certificate errors will be ignored for this session
1613077007053	Marionette	ERROR	[15] No reply from Marionette:Register
console.warn: SearchSettings: "get: No settings file exists, new profile?" (new Error("", "(unknown module)"))
1613077021032	Marionette	INFO	Stopped listening on port 55641
JavaScript error: resource://activity-stream/lib/ASRouter.jsm, line 987: NS_ERROR_ILLEGAL_VALUE: Component returned failure code: 0x80070057 (NS_ERROR_ILLEGAL_VALUE) [nsIObserverService.removeObserver]

###!!! [Child][RunMessage] Error: Channel closing: too late to send/recv, messages will be lost

1613129676501	geckodriver	INFO	Listening on 127.0.0.1:57468
1613129679514	mozrunner::runner	INFO	Running command: "C:\\Program Files\\Mozilla Firefox\\firefox.exe" "--marionette" "-foreground" "-no-remote" "-profile" "C:\\Users\\mumtaz\\AppData\\Local\\Temp\\rust_mozprofileh0VhDa"
console.warn: SearchSettings: "get: No settings file exists, new profile?" (new Error("", "(unknown module)"))
console.error: Region.jsm: "Error fetching region" (new Error("TIMEOUT", "resource://gre/modules/Region.jsm", 775))
console.error: Region.jsm: "Failed to fetch region" (new Error("TIMEOUT", "resource://gre/modules/Region.jsm", 422))
1613129738074	Marionette	INFO	Listening on port 57476
1613129738912	Marionette	WARN	TLS certificate errors will be ignored for this session
1613129739068	Marionette	ERROR	[15] No reply from Marionette:Register
1613129753421	Marionette	WARN	TimedPromise timed out after 500 ms: stacktrace:
TimedPromise/<@chrome://marionette/content/sync.js:235:19
TimedPromise@chrome://marionette/content/sync.js:220:10
interaction.flushEventLoop@chrome://marionette/content/interaction.js:418:10
webdriverClickElement@chrome://marionette/content/interaction.js:179:31
JavaScript error: , line 0: NotFoundError: No such JSWindowActor 'MarionetteEvents'
1613129761147	Marionette	INFO	Stopped listening on port 57476
[Parent 18804, IPC I/O Parent] WARNING: file /builds/worker/checkouts/gecko/ipc/chromium/src/base/process_util_win.cc:167
[Parent 18804, IPC I/O Parent] WARNING: file /builds/worker/checkouts/gecko/ipc/chromium/src/base/process_util_win.cc:167

###!!! [Child][RunMessage] Error: Channel closing: too late to send/recv, messages will be lost

1613130585123	mozrunner::runner	INFO	Running command: "C:\\Program Files\\Mozilla Firefox\\firefox.exe" "-marionette" "--headless" "-foreground" "-no-remote" "-profile" "C:\\Users\\mumtaz\\AppData\\Local\\Temp\\rust_mozprofileHQgxns"
*** You are running in headless mode.
JavaScript error: resource://gre/modules/XULStore.jsm, line 66: Error: Can't find profile directory.
console.warn: SearchSettings: "get: No settings file exists, new profile?" (new Error("", "(unknown module)"))
console.warn: SearchSettings: "get: No settings file exists, new profile?" (new Error("", "(unknown module)"))
JavaScript error: resource://gre/modules/XULStore.jsm, line 66: Error: Can't find profile directory.
JavaScript error: resource://gre/modules/XULStore.jsm, line 66: Error: Can't find profile directory.
JavaScript error: resource://gre/modules/XULStore.jsm, line 66: Error: Can't find profile directory.
JavaScript error: resource://gre/modules/XULStore.jsm, line 66: Error: Can't find profile directory.
JavaScript error: resource://gre/modules/XULStore.jsm, line 66: Error: Can't find profile directory.
1613130594607	Marionette	INFO	Listening on port 57715
1613130594791	Marionette	WARN	TLS certificate errors will be ignored for this session
1613130594811	Marionette	ERROR	[24] No reply from Marionette:Register
1613130594811	Marionette	ERROR	[18] No reply from Marionette:Register
1613130607519	Marionette	INFO	Stopped listening on port 57715
JavaScript error: , line 0: AbortError: Actor 'ASRouter' destroyed before query 'NEWTAB_MESSAGE_REQUEST' was resolved
[Child 17800, IPC I/O Child] WARNING: pipe error: 232: file /builds/worker/checkouts/gecko/ipc/chromium/src/chrome/common/ipc_channel_win.cc:545
[Child 17800, IPC I/O Child] WARNING: pipe error: 232: file /builds/worker/checkouts/gecko/ipc/chromium/src/chrome/common/ipc_channel_win.cc:545
1613131740545	mozrunner::runner	INFO	Running command: "C:\\Program Files\\Mozilla Firefox\\firefox.exe" "-marionette" "--headless" "-foreground" "-no-remote" "-profile" "C:\\Users\\mumtaz\\AppData\\Local\\Temp\\rust_mozprofilep3GzZg"
*** You are running in headless mode.
JavaScript error: resource://gre/modules/XULStore.jsm, line 66: Error: Can't find profile directory.
console.warn: SearchSettings: "get: No settings file exists, new profile?" (new Error("", "(unknown module)"))
1613131746897	Marionette	INFO	Listening on port 57907
1613131747018	Marionette	WARN	TLS certificate errors will be ignored for this session
1613131747034	Marionette	ERROR	[18] No reply from Marionette:Register
console.warn: SearchSettings: "get: No settings file exists, new profile?" (new Error("", "(unknown module)"))
1613131760655	Marionette	INFO	Stopped listening on port 57907
JavaScript error: resource://activity-stream/lib/ASRouter.jsm, line 987: NS_ERROR_ILLEGAL_VALUE: Component returned failure code: 0x80070057 (NS_ERROR_ILLEGAL_VALUE) [nsIObserverService.removeObserver]
1613131802334	mozrunner::runner	INFO	Running command: "C:\\Program Files\\Mozilla Firefox\\firefox.exe" "-marionette" "--headless" "-foreground" "-no-remote" "-profile" "C:\\Users\\mumtaz\\AppData\\Local\\Temp\\rust_mozprofileEYhgp9"
*** You are running in headless mode.
JavaScript error: resource://gre/modules/XULStore.jsm, line 66: Error: Can't find profile directory.
console.warn: SearchSettings: "get: No settings file exists, new profile?" (new Error("", "(unknown module)"))
1613131807278	Marionette	INFO	Listening on port 57998
1613131807651	Marionette	WARN	TLS certificate errors will be ignored for this session
1613131807667	Marionette	ERROR	[18] No reply from Marionette:Register
console.warn: SearchSettings: "get: No settings file exists, new profile?" (new Error("", "(unknown module)"))
1613131821532	Marionette	INFO	Stopped listening on port 57998
JavaScript error: resource://activity-stream/lib/ASRouter.jsm, line 987: NS_ERROR_ILLEGAL_VALUE: Component returned failure code: 0x80070057 (NS_ERROR_ILLEGAL_VALUE) [nsIObserverService.removeObserver]
1613131872487	mozrunner::runner	INFO	Running command: "C:\\Program Files\\Mozilla Firefox\\firefox.exe" "-marionette" "--headless" "-foreground" "-no-remote" "-profile" "C:\\Users\\mumtaz\\AppData\\Local\\Temp\\rust_mozprofilejWfgIL"
*** You are running in headless mode.
JavaScript error: resource://gre/modules/XULStore.jsm, line 66: Error: Can't find profile directory.
console.warn: SearchSettings: "get: No settings file exists, new profile?" (new Error("", "(unknown module)"))
1613131876887	Marionette	INFO	Listening on port 58087
1613131877315	Marionette	WARN	TLS certificate errors will be ignored for this session
1613131877330	Marionette	ERROR	[18] No reply from Marionette:Register
console.warn: SearchSettings: "get: No settings file exists, new profile?" (new Error("", "(unknown module)"))
1613131894005	Marionette	INFO	Stopped listening on port 58087
[Child 7348, IPC I/O Child] WARNING: pipe error: 232: file /builds/worker/checkouts/gecko/ipc/chromium/src/chrome/common/ipc_channel_win.cc:545
[Parent 11588, IPC I/O Parent] WARNING: file /builds/worker/checkouts/gecko/ipc/chromium/src/base/process_util_win.cc:167
1613131930257	mozrunner::runner	INFO	Running command: "C:\\Program Files\\Mozilla Firefox\\firefox.exe" "-marionette" "--headless" "-foreground" "-no-remote" "-profile" "C:\\Users\\mumtaz\\AppData\\Local\\Temp\\rust_mozprofileoM91dV"
*** You are running in headless mode.
JavaScript error: resource://gre/modules/XULStore.jsm, line 66: Error: Can't find profile directory.
console.warn: SearchSettings: "get: No settings file exists, new profile?" (new Error("", "(unknown module)"))
1613131934823	Marionette	INFO	Listening on port 58176
1613131935115	Marionette	WARN	TLS certificate errors will be ignored for this session
1613131935134	Marionette	ERROR	[21] No reply from Marionette:Register
console.warn: SearchSettings: "get: No settings file exists, new profile?" (new Error("", "(unknown module)"))
1613131951080	Marionette	INFO	Stopped listening on port 58176
JavaScript error: resource://activity-stream/lib/ASRouter.jsm, line 987: NS_ERROR_ILLEGAL_VALUE: Component returned failure code: 0x80070057 (NS_ERROR_ILLEGAL_VALUE) [nsIObserverService.removeObserver]
[Parent 17400, IPC I/O Parent] WARNING: file /builds/worker/checkouts/gecko/ipc/chromium/src/base/process_util_win.cc:167
1613210822908	mozrunner::runner	INFO	Running command: "C:\\Program Files\\Mozilla Firefox\\firefox.exe" "-marionette" "--headless" "-foreground" "-no-remote" "-profile" "C:\\Users\\mumtaz\\AppData\\Local\\Temp\\rust_mozprofileaHgiYv"
*** You are running in headless mode.
JavaScript error: resource://gre/modules/XULStore.jsm, line 66: Error: Can't find profile directory.
[Parent 18184, IPC I/O Parent] WARNING: file /builds/worker/checkouts/gecko/ipc/chromium/src/base/process_util_win.cc:167
console.warn: SearchSettings: "get: No settings file exists, new profile?" (new Error("", "(unknown module)"))
console.error: Region.jsm: "Error fetching region" (new Error("TIMEOUT", "resource://gre/modules/Region.jsm", 775))
console.error: Region.jsm: "Failed to fetch region" (new Error("TIMEOUT", "resource://gre/modules/Region.jsm", 422))
[Parent 18184, IPC I/O Parent] WARNING: file /builds/worker/checkouts/gecko/ipc/chromium/src/base/process_util_win.cc:167
[Parent 18184, IPC I/O Parent] WARNING: file /builds/worker/checkouts/gecko/ipc/chromium/src/base/process_util_win.cc:167
1613210898818	Marionette	INFO	Listening on port 59949
console.log: WebExtensions: reset-default-search: No addons in our list are installed.
JavaScript error: , line 0: NotFoundError: Could not move source file(C:\Users\mumtaz\AppData\Local\Temp\rust_mozprofileaHgiYv\bookmarkbackups\bookmarks-2021-02-13_11_JGc4N3gwhRmVj4DI06FK7A==.jsonlz4) because it does not exist
JavaScript error: , line 0: NotFoundError: Could not move source file(C:\Users\mumtaz\AppData\Local\Temp\rust_mozprofileaHgiYv\bookmarkbackups\bookmarks-2021-02-13_11_JGc4N3gwhRmVj4DI06FK7A==.jsonlz4) because it does not exist
rror("", "(unknown module)"))
1613217209465	Marionette	INFO	Listening on port 52851
1613217209889	Marionette	WARN	TLS certificate errors will be ignored for this session
1613217210107	Marionette	ERROR	[18] No reply from Marionette:Register
1613217211057	Marionette	ERROR	[24] No reply from Marionette:Register
JavaScript error: resource://gre/modules/XULStore.jsm, line 66: Error: Can't find profile directory.
JavaScript error: resource://gre/modules/XULStore.jsm, line 66: Error: Can't find profile directory.
JavaScript error: resource://gre/modules/XULStore.jsm, line 66: Error: Can't find profile directory.
JavaScript error: resource://gre/modules/XULStore.jsm, line 66: Error: Can't find profile directory.
console.warn: SearchSettings: "get: No settings file exists, new profile?" (new Error("", "(unknown module)"))
JavaScript error: resource://gre/modules/XULStore.jsm, line 66: Error: Can't find profile directory.
1613217229342	Marionette	INFO	Stopped listening on port 52851
[Parent 20072, IPC I/O Parent] WARNING: file /builds/worker/checkouts/gecko/ipc/chromium/src/base/process_util_win.cc:167
1613217525676	geckodriver	INFO	Listening on 127.0.0.1:52952
1613217528564	mozrunner::runner	INFO	Running command: "C:\\Program Files\\Mozilla Firefox\\firefox.exe" "--marionette" "-foreground" "-no-remote" "-profile" "C:\\Users\\mumtaz\\AppData\\Local\\Temp\\rust_mozprofilerv2r0x"
console.warn: SearchSettings: "get: No settings file exists, new profile?" (new Error("", "(unknown module)"))
1613217537446	Marionette	INFO	Listening on port 52960
1613217538054	Marionette	WARN	TLS certificate errors will be ignored for this session
1613217538069	Marionette	ERROR	[15] No reply from Marionette:Register
console.warn: SearchSettings: "get: No settings file exists, new profile?" (new Error("", "(unknown module)"))
1613217552663	Marionette	INFO	Stopped listening on port 52960
[Parent 9648, IPC I/O Parent] WARNING: file /builds/worker/checkouts/gecko/ipc/chromium/src/base/process_util_win.cc:167

###!!! [Child][RunMessage] Error: Channel closing: too late to send/recv, messages will be lost

1613218436967	geckodriver	INFO	Listening on 127.0.0.1:53085
1613218439977	mozrunner::runner	INFO	Running command: "C:\\Program Files\\Mozilla Firefox\\firefox.exe" "--marionette" "-foreground" "-no-remote" "-profile" "C:\\Users\\mumtaz\\AppData\\Local\\Temp\\rust_mozprofilejoEOLD"
console.warn: SearchSettings: "get: No settings file exists, new profile?" (new Error("", "(unknown module)"))
1613218445198	Marionette	INFO	Listening on port 53093
1613218445333	Marionette	WARN	TLS certificate errors will be ignored for this session
1613218445348	Marionette	ERROR	[15] No reply from Marionette:Register
console.warn: SearchSettings: "get: No settings file exists, new profile?" (new Error("", "(unknown module)"))
1613218459680	Marionette	INFO	Stopped listening on port 53093
JavaScript error: resource://activity-stream/lib/ASRouter.jsm, line 987: NS_ERROR_ILLEGAL_VALUE: Component returned failure code: 0x80070057 (NS_ERROR_ILLEGAL_VALUE) [nsIObserverService.removeObserver]

###!!! [Child][RunMessage] Error: Channel closing: too late to send/recv, messages will be lost

1613218716296	geckodriver	INFO	Listening on 127.0.0.1:53260
1613218719333	mozrunner::runner	INFO	Running command: "C:\\Program Files\\Mozilla Firefox\\firefox.exe" "--marionette" "-foreground" "-no-remote" "-profile" "C:\\Users\\mumtaz\\AppData\\Local\\Temp\\rust_mozprofileMlThZM"
console.warn: SearchSettings: "get: No settings file exists, new profile?" (new Error("", "(unknown module)"))
1613218724203	Marionette	INFO	Listening on port 53268
1613218724750	Marionette	WARN	TLS certificate errors will be ignored for this session
1613218724763	Marionette	ERROR	[15] No reply from Marionette:Register
console.warn: SearchSettings: "get: No settings file exists, new profile?" (new Error("", "(unknown module)"))
1613218738659	Marionette	INFO	Stopped listening on port 53268
JavaScript error: resource://activity-stream/lib/ASRouter.jsm, line 987: NS_ERROR_ILLEGAL_VALUE: Component returned failure code: 0x80070057 (NS_ERROR_ILLEGAL_VALUE) [nsIObserverService.removeObserver]

###!!! [Child][RunMessage] Error: Channel closing: too late to send/recv, messages will be lost

1613219028724	mozrunner::runner	INFO	Running command: "C:\\Program Files\\Mozilla Firefox\\firefox.exe" "-marionette" "--headless" "-foreground" "-no-remote" "-profile" "C:\\Users\\mumtaz\\AppData\\Local\\Temp\\rust_mozprofile5C0Tp5"
*** You are running in headless mode.
JavaScript error: resource://gre/modules/XULStore.jsm, line 66: Error: Can't find profile directory.
console.warn: SearchSettings: "get: No settings file exists, new profile?" (new Error("", "(unknown module)"))
1613219033268	Marionette	INFO	Listening on port 53400
1613219033625	Marionette	WARN	TLS certificate errors will be ignored for this session
1613219033644	Marionette	ERROR	[18] No reply from Marionette:Register
console.warn: SearchSettings: "get: No settings file exists, new profile?" (new Error("", "(unknown module)"))
1613219046964	Marionette	INFO	Stopped listening on port 53400
JavaScript error: resource://activity-stream/lib/ASRouter.jsm, line 987: NS_ERROR_ILLEGAL_VALUE: Component returned failure code: 0x80070057 (NS_ERROR_ILLEGAL_VALUE) [nsIObserverService.removeObserver]
1613219243445	mozrunner::runner	INFO	Running command: "C:\\Program Files\\Mozilla Firefox\\firefox.exe" "-marionette" "--headless" "-foreground" "-no-remote" "-profile" "C:\\Users\\mumtaz\\AppData\\Local\\Temp\\rust_mozprofileojR6MY"
*** You are running in headless mode.
JavaScript error: resource://gre/modules/XULStore.jsm, line 66: Error: Can't find profile directory.
console.warn: SearchSettings: "get: No settings file exists, new profile?" (new Error("", "(unknown module)"))
1613219248012	Marionette	INFO	Listening on port 53533
1613219248256	Marionette	WARN	TLS certificate errors will be ignored for this session
1613219248271	Marionette	ERROR	[18] No reply from Marionette:Register
console.warn: SearchSettings: "get: No settings file exists, new profile?" (new Error("", "(unknown module)"))
1613219262419	Marionette	INFO	Stopped listening on port 53533
[Child 17172, IPC I/O Child] WARNING: pipe error: 232: file /builds/worker/checkouts/gecko/ipc/chromium/src/chrome/common/ipc_channel_win.cc:545
1613239644838	mozrunner::runner	INFO	Running command: "C:\\Program Files\\Mozilla Firefox\\firefox.exe" "-marionette" "--headless" "-foreground" "-no-remote" "-profile" "C:\\Users\\mumtaz\\AppData\\Local\\Temp\\rust_mozprofile7s4DGM"
*** You are running in headless mode.
JavaScript error: resource://gre/modules/XULStore.jsm, line 66: Error: Can't find profile directory.
console.warn: SearchSettings: "get: No settings file exists, new profile?" (new Error("", "(unknown module)"))
console.warn: SearchSettings: "get: No settings file exists, new profile?" (new Error("", "(unknown module)"))
1613239660228	Marionette	INFO	Listening on port 61985
1613239660711	Marionette	WARN	TLS certificate errors will be ignored for this session
1613239660968	Marionette	ERROR	[18] No reply from Marionette:Register
1613239662984	Marionette	ERROR	[24] No reply from Marionette:Register
JavaScript error: resource://gre/modules/XULStore.jsm, line 66: Error: Can't find profile directory.
JavaScript error: resource://gre/modules/XULStore.jsm, line 66: Error: Can't find profile directory.
JavaScript error: resource://gre/modules/XULStore.jsm, line 66: Error: Can't find profile directory.
JavaScript error: resource://gre/modules/XULStore.jsm, line 66: Error: Can't find profile directory.
JavaScript error: resource://gre/modules/XULStore.jsm, line 66: Error: Can't find profile directory.
JavaScript error: , line 0: NotFoundError: No such JSWindowActor 'MarionetteEvents'
1613239682837	Marionette	INFO	Stopped listening on port 61985
1613239697167	mozrunner::runner	INFO	Running command: "C:\\Program Files\\Mozilla Firefox\\firefox.exe" "-marionette" "--headless" "-foreground" "-no-remote" "-profile" "C:\\Users\\mumtaz\\AppData\\Local\\Temp\\rust_mozprofilekZdGf7"
*** You are running in headless mode.
JavaScript error: resource://gre/modules/XULStore.jsm, line 66: Error: Can't find profile directory.
console.warn: SearchSettings: "get: No settings file exists, new profile?" (new Error("", "(unknown module)"))
1613239702860	Marionette	INFO	Listening on port 62062
1613239703031	Marionette	WARN	TLS certificate errors will be ignored for this session
1613239703054	Marionette	ERROR	[18] No reply from Marionette:Register
console.warn: SearchSettings: "get: No settings file exists, new profile?" (new Error("", "(unknown module)"))
1613239725358	Marionette	INFO	Stopped listening on port 62062
[Parent 13056, IPC I/O Parent] WARNING: file /builds/worker/checkouts/gecko/ipc/chromium/src/base/process_util_win.cc:167
1613239805737	mozrunner::runner	INFO	Running command: "C:\\Program Files\\Mozilla Firefox\\firefox.exe" "-marionette" "--headless" "-foreground" "-no-remote" "-profile" "C:\\Users\\mumtaz\\AppData\\Local\\Temp\\rust_mozprofilebahwqj"
*** You are running in headless mode.
JavaScript error: resource://gre/modules/XULStore.jsm, line 66: Error: Can't find profile directory.
console.warn: SearchSettings: "get: No settings file exists, new profile?" (new Error("", "(unknown module)"))
1613239810472	Marionette	INFO	Listening on port 62139
1613239810594	Marionette	WARN	TLS certificate errors will be ignored for this session
1613239810617	Marionette	ERROR	[21] No reply from Marionette:Register
console.warn: SearchSettings: "get: No settings file exists, new profile?" (new Error("", "(unknown module)"))
1613239826657	Marionette	INFO	Stopped listening on port 62139
JavaScript error: resource://activity-stream/lib/ASRouter.jsm, line 987: NS_ERROR_ILLEGAL_VALUE: Component returned failure code: 0x80070057 (NS_ERROR_ILLEGAL_VALUE) [nsIObserverService.removeObserver]
[Parent 11284, IPC I/O Parent] WARNING: file /builds/worker/checkouts/gecko/ipc/chromium/src/base/process_util_win.cc:167
1613239964820	mozrunner::runner	INFO	Running command: "C:\\Program Files\\Mozilla Firefox\\firefox.exe" "-marionette" "--headless" "-foreground" "-no-remote" "-profile" "C:\\Users\\mumtaz\\AppData\\Local\\Temp\\rust_mozprofilenPMm7F"
*** You are running in headless mode.
JavaScript error: resource://gre/modules/XULStore.jsm, line 66: Error: Can't find profile directory.
console.warn: SearchSettings: "get: No settings file exists, new profile?" (new Error("", "(unknown module)"))
1613239969668	Marionette	INFO	Listening on port 62208
1613239970170	Marionette	WARN	TLS certificate errors will be ignored for this session
1613239970188	Marionette	ERROR	[18] No reply from Marionette:Register
console.warn: SearchSettings: "get: No settings file exists, new profile?" (new Error("", "(unknown module)"))
1613239983335	Marionette	INFO	Stopped listening on port 62208
JavaScript error: resource://activity-stream/lib/ASRouter.jsm, line 987: NS_ERROR_ILLEGAL_VALUE: Component returned failure code: 0x80070057 (NS_ERROR_ILLEGAL_VALUE) [nsIObserverService.removeObserver]
1613243003167	mozrunner::runner	INFO	Running command: "C:\\Program Files\\Mozilla Firefox\\firefox.exe" "-marionette" "--headless" "-foreground" "-no-remote" "-profile" "C:\\Users\\mumtaz\\AppData\\Local\\Temp\\rust_mozprofileV4nqHI"
*** You are running in headless mode.
JavaScript error: resource://gre/modules/XULStore.jsm, line 66: Error: Can't find profile directory.
console.warn: SearchSettings: "get: No settings file exists, new profile?" (new Error("", "(unknown module)"))
1613243013430	Marionette	INFO	Listening on port 62004
1613243013847	Marionette	WARN	TLS certificate errors will be ignored for this session
1613243014017	Marionette	ERROR	[18] No reply from Marionette:Register
console.warn: SearchSettings: "get: No settings file exists, new profile?" (new Error("", "(unknown module)"))
1613243039934	Marionette	INFO	Stopped listening on port 62004

###!!! [Child][RunMessage] Error: Channel closing: too late to send/recv, messages will be lost


###!!! [Parent][MessageChannel] Error: (msgtype=0x5A000D,name=PHttpBackgroundChannel::Msg___delete__) Channel error: cannot send/recv

1613243951608	mozrunner::runner	INFO	Running command: "C:\\Program Files\\Mozilla Firefox\\firefox.exe" "-marionette" "--headless" "-foreground" "-no-remote" "-profile" "C:\\Users\\mumtaz\\AppData\\Local\\Temp\\rust_mozprofilesiOYiM"
*** You are running in headless mode.
JavaScript error: resource://gre/modules/XULStore.jsm, line 66: Error: Can't find profile directory.
console.warn: SearchSettings: "get: No settings file exists, new profile?" (new Error("", "(unknown module)"))
1613243958019	Marionette	INFO	Listening on port 62804
1613243958548	Marionette	WARN	TLS certificate errors will be ignored for this session
1613243958572	Marionette	ERROR	[18] No reply from Marionette:Register
console.warn: SearchSettings: "get: No settings file exists, new profile?" (new Error("", "(unknown module)"))
1613243971805	Marionette	INFO	Stopped listening on port 62804
[Parent 6468, IPC I/O Parent] WARNING: file /builds/worker/checkouts/gecko/ipc/chromium/src/base/process_util_win.cc:167
1613244005388	mozrunner::runner	INFO	Running command: "C:\\Program Files\\Mozilla Firefox\\firefox.exe" "-marionette" "--headless" "-foreground" "-no-remote" "-profile" "C:\\Users\\mumtaz\\AppData\\Local\\Temp\\rust_mozprofileYGKJqC"
*** You are running in headless mode.
JavaScript error: resource://gre/modules/XULStore.jsm, line 66: Error: Can't find profile directory.
console.warn: SearchSettings: "get: No settings file exists, new profile?" (new Error("", "(unknown module)"))
1613244010826	Marionette	INFO	Listening on port 62920
1613244011212	Marionette	WARN	TLS certificate errors will be ignored for this session
1613244011234	Marionette	ERROR	[18] No reply from Marionette:Register
console.warn: SearchSettings: "get: No settings file exists, new profile?" (new Error("", "(unknown module)"))
1613244024985	Marionette	INFO	Stopped listening on port 62920
[Parent 3396, IPC I/O Parent] WARNING: file /builds/worker/checkouts/gecko/ipc/chromium/src/base/process_util_win.cc:167
1613244278852	mozrunner::runner	INFO	Running command: "C:\\Program Files\\Mozilla Firefox\\firefox.exe" "-marionette" "--headless" "-foreground" "-no-remote" "-profile" "C:\\Users\\mumtaz\\AppData\\Local\\Temp\\rust_mozprofile3UnJHx"
*** You are running in headless mode.
JavaScript error: resource://gre/modules/XULStore.jsm, line 66: Error: Can't find profile directory.
console.warn: SearchSettings: "get: No settings file exists, new profile?" (new Error("", "(unknown module)"))
1613244286715	Marionette	INFO	Listening on port 63189
1613244286833	Marionette	WARN	TLS certificate errors will be ignored for this session
1613244286850	Marionette	ERROR	[18] No reply from Marionette:Register
console.warn: SearchSettings: "get: No settings file exists, new profile?" (new Error("", "(unknown module)"))
1613244301134	Marionette	INFO	Stopped listening on port 63189
JavaScript error: resource://activity-stream/lib/ASRouter.jsm, line 987: NS_ERROR_ILLEGAL_VALUE: Component returned failure code: 0x80070057 (NS_ERROR_ILLEGAL_VALUE) [nsIObserverService.removeObserver]
1613247836082	mozrunner::runner	INFO	Running command: "C:\\Program Files\\Mozilla Firefox\\firefox.exe" "-marionette" "--headless" "-foreground" "-no-remote" "-profile" "C:\\Users\\mumtaz\\AppData\\Local\\Temp\\rust_mozprofileKQhlh1"
*** You are running in headless mode.
JavaScript error: resource://gre/modules/XULStore.jsm, line 66: Error: Can't find profile directory.
console.warn: SearchSettings: "get: No settings file exists, new profile?" (new Error("", "(unknown module)"))
1613247846240	Marionette	INFO	Listening on port 63224
1613247846929	Marionette	WARN	TLS certificate errors will be ignored for this session
1613247847103	Marionette	ERROR	[18] No reply from Marionette:Register
console.warn: SearchSettings: "get: No settings file exists, new profile?" (new Error("", "(unknown module)"))
1613247861377	Marionette	INFO	Stopped listening on port 63224
1613253501790	mozrunner::runner	INFO	Running command: "C:\\Program Files\\Mozilla Firefox\\firefox.exe" "-marionette" "--headless" "-foreground" "-no-remote" "-profile" "C:\\Users\\mumtaz\\AppData\\Local\\Temp\\rust_mozprofileM0cwYJ"
*** You are running in headless mode.
JavaScript error: resource://gre/modules/XULStore.jsm, line 66: Error: Can't find profile directory.
console.warn: SearchSettings: "get: No settings file exists, new profile?" (new Error("", "(unknown module)"))
console.warn: SearchSettings: "get: No settings file exists, new profile?" (new Error("", "(unknown module)"))
1613253517846	Marionette	INFO	Listening on port 53058
1613253519481	Marionette	WARN	TLS certificate errors will be ignored for this session
1613253520007	Marionette	ERROR	[18] No reply from Marionette:Register
JavaScript error: , line 0: NotFoundError: No such JSWindowActor 'MarionetteEvents'
1613253539890	Marionette	INFO	Stopped listening on port 53058
1613256034103	mozrunner::runner	INFO	Running command: "C:\\Program Files\\Mozilla Firefox\\firefox.exe" "-marionette" "--headless" "-foreground" "-no-remote" "-profile" "C:\\Users\\mumtaz\\AppData\\Local\\Temp\\rust_mozprofileeeyly7"
*** You are running in headless mode.
JavaScript error: resource://gre/modules/XULStore.jsm, line 66: Error: Can't find profile directory.
console.warn: SearchSettings: "get: No settings file exists, new profile?" (new Error("", "(unknown module)"))
1613256040275	Marionette	INFO	Listening on port 53462
1613256040454	Marionette	WARN	TLS certificate errors will be ignored for this session
1613256040473	Marionette	ERROR	[18] No reply from Marionette:Register
console.warn: SearchSettings: "get: No settings file exists, new profile?" (new Error("", "(unknown module)"))
1613256053417	Marionette	INFO	Stopped listening on port 53462
1613261364944	mozrunner::runner	INFO	Running command: "C:\\Program Files\\Mozilla Firefox\\firefox.exe" "-marionette" "--headless" "-foreground" "-no-remote" "-profile" "C:\\Users\\mumtaz\\AppData\\Local\\Temp\\rust_mozprofile6LfYLr"
*** You are running in headless mode.
JavaScript error: resource://gre/modules/XULStore.jsm, line 66: Error: Can't find profile directory.
console.warn: SearchSettings: "get: No settings file exists, new profile?" (new Error("", "(unknown module)"))
1613261369757	Marionette	INFO	Listening on port 54115
1613261370279	Marionette	WARN	TLS certificate errors will be ignored for this session
1613261370294	Marionette	ERROR	[18] No reply from Marionette:Register
console.warn: SearchSettings: "get: No settings file exists, new profile?" (new Error("", "(unknown module)"))
1613261382876	Marionette	INFO	Stopped listening on port 54115
1613261440268	mozrunner::runner	INFO	Running command: "C:\\Program Files\\Mozilla Firefox\\firefox.exe" "-marionette" "--headless" "-foreground" "-no-remote" "-profile" "C:\\Users\\mumtaz\\AppData\\Local\\Temp\\rust_mozprofile9JmI2O"
*** You are running in headless mode.
JavaScript error: resource://gre/modules/XULStore.jsm, line 66: Error: Can't find profile directory.
console.warn: SearchSettings: "get: No settings file exists, new profile?" (new Error("", "(unknown module)"))
1613261444391	Marionette	INFO	Listening on port 54206
1613261444492	Marionette	WARN	TLS certificate errors will be ignored for this session
1613261444507	Marionette	ERROR	[18] No reply from Marionette:Register
console.warn: SearchSettings: "get: No settings file exists, new profile?" (new Error("", "(unknown module)"))
1613261458076	Marionette	INFO	Stopped listening on port 54206
JavaScript error: resource://activity-stream/lib/ASRouter.jsm, line 987: NS_ERROR_ILLEGAL_VALUE: Component returned failure code: 0x80070057 (NS_ERROR_ILLEGAL_VALUE) [nsIObserverService.removeObserver]
1613297773634	mozrunner::runner	INFO	Running command: "C:\\Program Files\\Mozilla Firefox\\firefox.exe" "-marionette" "--headless" "-foreground" "-no-remote" "-profile" "C:\\Users\\mumtaz\\AppData\\Local\\Temp\\rust_mozprofilevHiqee"
*** You are running in headless mode.
JavaScript error: resource://gre/modules/XULStore.jsm, line 66: Error: Can't find profile directory.
console.warn: SearchSettings: "get: No settings file exists, new profile?" (new Error("", "(unknown module)"))
[Parent 17128, IPC I/O Parent] WARNING: file /builds/worker/checkouts/gecko/ipc/chromium/src/base/process_util_win.cc:167
console.warn: SearchSettings: "get: No settings file exists, new profile?" (new Error("", "(unknown module)"))
1613297785147	Marionette	INFO	Listening on port 54044
1613297785639	Marionette	WARN	TLS certificate errors will be ignored for this session
1613297785822	Marionette	ERROR	[18] No reply from Marionette:Register
1613297805300	Marionette	INFO	Stopped listening on port 54044
1613297864691	mozrunner::runner	INFO	Running command: "C:\\Program Files\\Mozilla Firefox\\firefox.exe" "-marionette" "--headless" "-foreground" "-no-remote" "-profile" "C:\\Users\\mumtaz\\AppData\\Local\\Temp\\rust_mozprofileHn6D0Z"
*** You are running in headless mode.
JavaScript error: resource://gre/modules/XULStore.jsm, line 66: Error: Can't find profile directory.
console.warn: SearchSettings: "get: No settings file exists, new profile?" (new Error("", "(unknown module)"))
1613297869322	Marionette	INFO	Listening on port 54139
1613297869528	Marionette	WARN	TLS certificate errors will be ignored for this session
1613297869543	Marionette	ERROR	[21] No reply from Marionette:Register
console.warn: SearchSettings: "get: No settings file exists, new profile?" (new Error("", "(unknown module)"))
1613297883214	Marionette	INFO	Stopped listening on port 54139
[Parent 20944, IPC I/O Parent] WARNING: file /builds/worker/checkouts/gecko/ipc/chromium/src/base/process_util_win.cc:167
1613297985663	mozrunner::runner	INFO	Running command: "C:\\Program Files\\Mozilla Firefox\\firefox.exe" "-marionette" "--headless" "-foreground" "-no-remote" "-profile" "C:\\Users\\mumtaz\\AppData\\Local\\Temp\\rust_mozprofilehXoPlo"
*** You are running in headless mode.
JavaScript error: resource://gre/modules/XULStore.jsm, line 66: Error: Can't find profile directory.
console.warn: SearchSettings: "get: No settings file exists, new profile?" (new Error("", "(unknown module)"))
1613297990532	Marionette	INFO	Listening on port 54234
1613297991025	Marionette	WARN	TLS certificate errors will be ignored for this session
1613297991038	Marionette	ERROR	[18] No reply from Marionette:Register
console.warn: SearchSettings: "get: No settings file exists, new profile?" (new Error("", "(unknown module)"))
1613298003632	Marionette	INFO	Stopped listening on port 54234
JavaScript error: resource://activity-stream/lib/ASRouter.jsm, line 987: NS_ERROR_ILLEGAL_VALUE: Component returned failure code: 0x80070057 (NS_ERROR_ILLEGAL_VALUE) [nsIObserverService.removeObserver]
1613298700033	mozrunner::runner	INFO	Running command: "C:\\Program Files\\Mozilla Firefox\\firefox.exe" "-marionette" "--headless" "-foreground" "-no-remote" "-profile" "C:\\Users\\mumtaz\\AppData\\Local\\Temp\\rust_mozprofileFbgALF"
*** You are running in headless mode.
JavaScript error: resource://gre/modules/XULStore.jsm, line 66: Error: Can't find profile directory.
console.warn: SearchSettings: "get: No settings file exists, new profile?" (new Error("", "(unknown module)"))
1613298704849	Marionette	INFO	Listening on port 54375
1613298705389	Marionette	WARN	TLS certificate errors will be ignored for this session
1613298705402	Marionette	ERROR	[18] No reply from Marionette:Register
console.warn: SearchSettings: "get: No settings file exists, new profile?" (new Error("", "(unknown module)"))
1613298718195	Marionette	INFO	Stopped listening on port 54375
